<?xml version="1.0" encoding="UTF-8"?>
<!-- Generated by org.testng.reporters.JUnitReportReporter -->
<testsuite hostname="LAPTOP-QP0F062S" failures="0" tests="2" name="Test.VerifyLogin" time="0.029" errors="0" timestamp="2022-06-10T15:30:47 IST" skipped="0">
  <testcase classname="Test.VerifyLogin" name="verifyLoginFeature1" time="0.017"/>
  <testcase classname="Test.VerifyLogin" name="verifyLoginFeature" time="0.012"/>
</testsuite> <!-- Test.VerifyLogin -->
