<?xml version="1.0" encoding="UTF-8"?>
<!-- Generated by org.testng.reporters.JUnitReportReporter -->
<testsuite hostname="LAPTOP-QP0F062S" failures="0" tests="1" name="Test.VerifyDeleteMethod" time="1.795" errors="0" timestamp="2022-06-08T15:55:25 IST" skipped="0">
  <testcase classname="Test.VerifyDeleteMethod" name="TestDeleteMethod" time="1.795"/>
</testsuite> <!-- Test.VerifyDeleteMethod -->
