<?xml version="1.0" encoding="UTF-8"?>
<!-- Generated by org.testng.reporters.JUnitReportReporter -->
<testsuite hostname="LAPTOP-QP0F062S" failures="0" tests="3" name="Test.VeriftGetMethod" time="4.810" errors="0" timestamp="2022-06-10T14:59:17 IST" skipped="2">
  <testcase classname="Test.VeriftGetMethod" name="CreateMethod" time="4.810"/>
  <testcase classname="Test.VeriftGetMethod" name="DeleteMethod">
    <skipped/>
  </testcase> <!-- DeleteMethod -->
  <testcase classname="Test.VeriftGetMethod" name="TestGetMethod">
    <skipped/>
  </testcase> <!-- TestGetMethod -->
</testsuite> <!-- Test.VeriftGetMethod -->
